Running: /opt/Xilinx/14.7/ISE_DS/ISE/bin/lin64/unwrapped/fuse -intstyle ise -incremental -lib secureip -o /home/ise/Desktop/Proyectos/EJercicios/TB_GENERIC_isim_beh.exe -prj /home/ise/Desktop/Proyectos/EJercicios/TB_GENERIC_beh.prj work.TB_GENERIC 
ISim P.20131013 (signature 0xfbc00daa)
Number of CPUs detected in this system: 1
Turning on mult-threading, number of parallel sub-compilation jobs: 0 
Determining compilation order of HDL files
Parsing VHDL file "/home/ise/Desktop/Proyectos/EJercicios/Cont_Generic.vhd" into library work
Parsing VHDL file "/home/ise/Desktop/Proyectos/EJercicios/TB_GENERIC.vhd" into library work
Starting static elaboration
Completed static elaboration
Fuse Memory Usage: 96648 KB
Fuse CPU Usage: 5120 ms
Compiling package standard
Compiling package std_logic_1164
Compiling package std_logic_arith
Compiling package std_logic_unsigned
Compiling architecture pins of entity ejemplogen [\ejemplogen(511)\]
Compiling architecture behavior of entity tb_generic
Time Resolution for simulation is 1ps.
Compiled 7 VHDL Units
Built simulation executable /home/ise/Desktop/Proyectos/EJercicios/TB_GENERIC_isim_beh.exe
Fuse Memory Usage: 111876 KB
Fuse CPU Usage: 5590 ms
GCC CPU Usage: 740 ms
